<?xml version="1.0" encoding="UTF-8"?>
<!-- Generated by org.testng.reporters.JUnitReportReporter -->
<testsuite hostname="Kirthis-MacBook-Pro.local" failures="0" tests="1" name="com.training.test.home.ContactsTest" time="33.173" errors="0" timestamp="2021-10-10T13:40:52 PDT" skipped="0">
  <testcase classname="com.training.test.home.ContactsTest" name="CheckingSaveandNewbutton" time="33.173"/>
  <system-out/>
</testsuite> <!-- com.training.test.home.ContactsTest -->
