<?xml version="1.0" encoding="UTF-8"?>
<!-- Generated by org.testng.reporters.JUnitReportReporter -->
<testsuite hostname="Kirthis-MacBook-Pro.local" failures="0" tests="4" name="com.training.test.login.LoginTest" time="46.746" errors="0" timestamp="2021-10-03T01:13:12 PDT" skipped="0">
  <testcase classname="com.training.test.login.LoginTest" name="Forgot_Password_4_A" time="10.925"/>
  <system-out/>
  <testcase classname="com.training.test.login.LoginTest" name="LoginToSalesForce2" time="17.591"/>
  <system-out/>
  <testcase classname="com.training.test.login.LoginTest" name="LoginErrorMessage1" time="2.787"/>
  <system-out/>
  <testcase classname="com.training.test.login.LoginTest" name="Check_RemeberMe_3" time="15.443"/>
  <system-out/>
</testsuite> <!-- com.training.test.login.LoginTest -->
