<?xml version="1.0" encoding="UTF-8"?>
<!-- Generated by org.testng.reporters.JUnitReportReporter -->
<testsuite hostname="Kirthis-MacBook-Pro.local" failures="0" tests="1" name="com.training.test.home.OpportunityTest" time="26.552" errors="0" timestamp="2021-10-08T08:28:08 PDT" skipped="0">
  <testcase classname="com.training.test.home.OpportunityTest" name="TestQuarterlySummaryReport" time="26.552"/>
  <system-out/>
</testsuite> <!-- com.training.test.home.OpportunityTest -->
