<?xml version="1.0" encoding="UTF-8"?>
<!-- Generated by org.testng.reporters.JUnitReportReporter -->
<testsuite hostname="Kirthis-MacBook-Pro.local" failures="0" tests="1" name="com.training.test.home.RandomScenariosTest" time="30.032" errors="0" timestamp="2021-10-11T16:15:07 PDT" skipped="0">
  <testcase classname="com.training.test.home.RandomScenariosTest" name="Blockingeventcalender" time="30.032"/>
  <system-out/>
</testsuite> <!-- com.training.test.home.RandomScenariosTest -->
