<?xml version="1.0" encoding="UTF-8"?>
<!-- Generated by org.testng.reporters.JUnitReportReporter -->
<testsuite hostname="Kirthis-MacBook-Pro.local" failures="0" tests="1" name="com.training.test.home.LeadsTest" time="31.514" errors="0" timestamp="2021-10-10T02:52:19 PDT" skipped="0">
  <testcase classname="com.training.test.home.LeadsTest" name="CheckNewbutton" time="31.514"/>
  <system-out/>
</testsuite> <!-- com.training.test.home.LeadsTest -->
